Build started 2014-09-19 14:06:53.
     1>Project "C:\Users\Jerry\Desktop\PWD\The-game\Allegro\Allegro.vcxproj" on node 2 (Build target(s)).
     1>ClCompile:
         C:\Program Files (x86)\Microsoft Visual Studio 12.0\VC\bin\CL.exe /c /IC:\Libs\Allegro\include /Zi /nologo /W3 /WX- /sdl /O2 /Oi /Oy- /GL /D _MBCS /Gm- /EHsc /MD /GS /Gy /fp:precise /Zc:wchar_t /Zc:forScope /Fo"Release\\" /Fd"Release\vc120.pdb" /Gd /TP /analyze- /errorReport:prompt items.cpp main.cpp
         items.cpp
         main.cpp
         C:\Program Files (x86)\Microsoft Visual Studio 12.0\VC\bin\CL.exe /c /IC:\Libs\Allegro\include /AI"C:\Program Files (x86)\Reference Assemblies\Microsoft\Framework\.NETFramework\v4.0" /AI"C:\Program Files (x86)\Windows Kits\8.1\References\CommonConfiguration\Neutral" /Zi /clr /nologo /W3 /WX- /sdl /O2 /Oi /Oy- /GL /D _MBCS /Gm- /EHa /MD /GS /Gy /fp:precise /Zc:wchar_t /Zc:forScope /Fo"Release\\" /Fd"Release\vc120.pdb" /Gd /TP /FU"C:\Program Files (x86)\Reference Assemblies\Microsoft\Framework\.NETFramework\v4.0\mscorlib.dll" /FU"C:\Program Files (x86)\Reference Assemblies\Microsoft\Framework\.NETFramework\v4.0\System.dll" /analyze- /errorReport:prompt /clr:nostdlib MyComponent.cpp
         MyComponent.cpp
     1>C:\Program Files (x86)\MSBuild\Microsoft.Cpp\v4.0\V120\Microsoft.CppBuild.targets(1193,5): warning MSB8012: TargetPath(C:\Users\Jerry\Desktop\PWD\The-game\Release\Allegro.exe) does not match the Linker's OutputFile property value (C:\Users\Jerry\Desktop\PWD\The-game\Release\Gra.exe). This may cause your project to build incorrectly. To correct this, please make sure that $(OutDir), $(TargetName) and $(TargetExt) property values match the value specified in %(Link.OutputFile).
     1>C:\Program Files (x86)\MSBuild\Microsoft.Cpp\v4.0\V120\Microsoft.CppBuild.targets(1195,5): warning MSB8012: TargetName(Allegro) does not match the Linker's OutputFile property value (Gra). This may cause your project to build incorrectly. To correct this, please make sure that $(OutDir), $(TargetName) and $(TargetExt) property values match the value specified in %(Link.OutputFile).
       Link:
         C:\Program Files (x86)\Microsoft Visual Studio 12.0\VC\bin\link.exe /ERRORREPORT:PROMPT /OUT:"C:\Users\Jerry\Desktop\PWD\The-game\Release\Gra.exe" /NOLOGO /LIBPATH:C:\Libs\Allegro\lib "allegro-5.0.10-monolith-md.lib." kernel32.lib user32.lib gdi32.lib winspool.lib comdlg32.lib advapi32.lib shell32.lib ole32.lib oleaut32.lib uuid.lib odbc32.lib odbccp32.lib /MANIFEST /MANIFESTUAC:"level='asInvoker' uiAccess='false'" /manifest:embed /DEBUG /PDB:"C:\Users\Jerry\Desktop\PWD\The-game\Release\Allegro.pdb" /SUBSYSTEM:WINDOWS /OPT:REF /OPT:ICF /LTCG /TLBID:1 /DYNAMICBASE /NXCOMPAT /IMPLIB:"C:\Users\Jerry\Desktop\PWD\The-game\Release\Allegro.lib" /MACHINE:X86 /SAFESEH Release\items.obj
         Release\main.obj
         Release\MyComponent.obj
         Generating code
         Finished generating code
         Allegro.vcxproj -> C:\Users\Jerry\Desktop\PWD\The-game\Release\Allegro.exe
     1>Done Building Project "C:\Users\Jerry\Desktop\PWD\The-game\Allegro\Allegro.vcxproj" (Build target(s)).

Build succeeded.

Time Elapsed 00:00:03.19
